<?xml version="1.0" encoding="UTF-8"?>
<testsuite xmlns:xsi="http://www.w3.org/2001/XMLSchema-instance" xsi:noNamespaceSchemaLocation="https://maven.apache.org/surefire/maven-surefire-plugin/xsd/surefire-test-report.xsd" name="tests.negative.LoginNegativeTest" time="18.606" tests="16" errors="3" skipped="0" failures="1">
  <properties>
[...]
</properties>
  <testcase name="checkUppercaseInPassword" classname="tests.negative.LoginNegativeTest" time="2.143"/>
  <testcase name="checkValidLoginWithSpaces" classname="tests.negative.LoginNegativeTest" time="2.114">
    <error message="no such alert&#10;  (Session info: chrome=98.0.4758.102)&#10;Build info: version: &apos;3.141.59&apos;, revision: &apos;e82be7d358&apos;, time: &apos;2018-11-14T08:17:03&apos;&#10;System info: host: &apos;MacBook-Air-Kozlikov.local&apos;, ip: &apos;fe80:0:0:0:8ec:22cb:d78d:defe%en0&apos;, os.name: &apos;Mac OS X&apos;, os.arch: &apos;aarch64&apos;, os.version: &apos;12.2.1&apos;, java.version: &apos;17.0.2&apos;&#10;Driver info: org.openqa.selenium.chrome.ChromeDriver&#10;Capabilities {acceptInsecureCerts: false, browserName: chrome, browserVersion: 98.0.4758.102, chrome: {chromedriverVersion: 98.0.4758.80 (7f0488e8ba0d8..., userDataDir: /var/folders/f7/8vl0myw12xn...}, goog:chromeOptions: {debuggerAddress: localhost:62516}, javascriptEnabled: true, networkConnectionEnabled: false, pageLoadStrategy: normal, platform: MAC, platformName: MAC, proxy: Proxy(), setWindowRect: true, strictFileInteractability: false, timeouts: {implicit: 0, pageLoad: 300000, script: 30000}, unhandledPromptBehavior: dismiss and notify, webauthn:extension:credBlob: true, webauthn:extension:largeBlob: true, webauthn:virtualAuthenticators: true}&#10;Session ID: 87b1afb579d44390695dfbe205a37eed" type="org.openqa.selenium.NoAlertPresentException">org.openqa.selenium.NoAlertPresentException: 
no such alert
  (Session info: chrome=98.0.4758.102)
Build info: version: '3.141.59', revision: 'e82be7d358', time: '2018-11-14T08:17:03'
System info: host: 'MacBook-Air-Kozlikov.local', ip: 'fe80:0:0:0:8ec:22cb:d78d:defe%en0', os.name: 'Mac OS X', os.arch: 'aarch64', os.version: '12.2.1', java.version: '17.0.2'
Driver info: org.openqa.selenium.chrome.ChromeDriver
Capabilities {acceptInsecureCerts: false, browserName: chrome, browserVersion: 98.0.4758.102, chrome: {chromedriverVersion: 98.0.4758.80 (7f0488e8ba0d8..., userDataDir: /var/folders/f7/8vl0myw12xn...}, goog:chromeOptions: {debuggerAddress: localhost:62516}, javascriptEnabled: true, networkConnectionEnabled: false, pageLoadStrategy: normal, platform: MAC, platformName: MAC, proxy: Proxy(), setWindowRect: true, strictFileInteractability: false, timeouts: {implicit: 0, pageLoad: 300000, script: 30000}, unhandledPromptBehavior: dismiss and notify, webauthn:extension:credBlob: true, webauthn:extension:largeBlob: true, webauthn:virtualAuthenticators: true}
Session ID: 87b1afb579d44390695dfbe205a37eed
	at tests.negative.LoginNegativeTest.checkValidLoginWithSpaces(LoginNegativeTest.java:66)
</error>
  </testcase>
  <testcase name="checkValidPasswordWithSpaces" classname="tests.negative.LoginNegativeTest" time="1.382">
    <error message="no such alert&#10;  (Session info: chrome=98.0.4758.102)&#10;Build info: version: &apos;3.141.59&apos;, revision: &apos;e82be7d358&apos;, time: &apos;2018-11-14T08:17:03&apos;&#10;System info: host: &apos;MacBook-Air-Kozlikov.local&apos;, ip: &apos;fe80:0:0:0:8ec:22cb:d78d:defe%en0&apos;, os.name: &apos;Mac OS X&apos;, os.arch: &apos;aarch64&apos;, os.version: &apos;12.2.1&apos;, java.version: &apos;17.0.2&apos;&#10;Driver info: org.openqa.selenium.chrome.ChromeDriver&#10;Capabilities {acceptInsecureCerts: false, browserName: chrome, browserVersion: 98.0.4758.102, chrome: {chromedriverVersion: 98.0.4758.80 (7f0488e8ba0d8..., userDataDir: /var/folders/f7/8vl0myw12xn...}, goog:chromeOptions: {debuggerAddress: localhost:62516}, javascriptEnabled: true, networkConnectionEnabled: false, pageLoadStrategy: normal, platform: MAC, platformName: MAC, proxy: Proxy(), setWindowRect: true, strictFileInteractability: false, timeouts: {implicit: 0, pageLoad: 300000, script: 30000}, unhandledPromptBehavior: dismiss and notify, webauthn:extension:credBlob: true, webauthn:extension:largeBlob: true, webauthn:virtualAuthenticators: true}&#10;Session ID: 87b1afb579d44390695dfbe205a37eed" type="org.openqa.selenium.NoAlertPresentException">org.openqa.selenium.NoAlertPresentException: 
no such alert
  (Session info: chrome=98.0.4758.102)
Build info: version: '3.141.59', revision: 'e82be7d358', time: '2018-11-14T08:17:03'
System info: host: 'MacBook-Air-Kozlikov.local', ip: 'fe80:0:0:0:8ec:22cb:d78d:defe%en0', os.name: 'Mac OS X', os.arch: 'aarch64', os.version: '12.2.1', java.version: '17.0.2'
Driver info: org.openqa.selenium.chrome.ChromeDriver
Capabilities {acceptInsecureCerts: false, browserName: chrome, browserVersion: 98.0.4758.102, chrome: {chromedriverVersion: 98.0.4758.80 (7f0488e8ba0d8..., userDataDir: /var/folders/f7/8vl0myw12xn...}, goog:chromeOptions: {debuggerAddress: localhost:62516}, javascriptEnabled: true, networkConnectionEnabled: false, pageLoadStrategy: normal, platform: MAC, platformName: MAC, proxy: Proxy(), setWindowRect: true, strictFileInteractability: false, timeouts: {implicit: 0, pageLoad: 300000, script: 30000}, unhandledPromptBehavior: dismiss and notify, webauthn:extension:credBlob: true, webauthn:extension:largeBlob: true, webauthn:virtualAuthenticators: true}
Session ID: 87b1afb579d44390695dfbe205a37eed
	at tests.negative.LoginNegativeTest.checkValidPasswordWithSpaces(LoginNegativeTest.java:76)
</error>
  </testcase>
  <testcase name="checkUppercaseInLogin" classname="tests.negative.LoginNegativeTest" time="1.605">
    <error message="no such alert&#10;  (Session info: chrome=98.0.4758.102)&#10;Build info: version: &apos;3.141.59&apos;, revision: &apos;e82be7d358&apos;, time: &apos;2018-11-14T08:17:03&apos;&#10;System info: host: &apos;MacBook-Air-Kozlikov.local&apos;, ip: &apos;fe80:0:0:0:8ec:22cb:d78d:defe%en0&apos;, os.name: &apos;Mac OS X&apos;, os.arch: &apos;aarch64&apos;, os.version: &apos;12.2.1&apos;, java.version: &apos;17.0.2&apos;&#10;Driver info: org.openqa.selenium.chrome.ChromeDriver&#10;Capabilities {acceptInsecureCerts: false, browserName: chrome, browserVersion: 98.0.4758.102, chrome: {chromedriverVersion: 98.0.4758.80 (7f0488e8ba0d8..., userDataDir: /var/folders/f7/8vl0myw12xn...}, goog:chromeOptions: {debuggerAddress: localhost:62516}, javascriptEnabled: true, networkConnectionEnabled: false, pageLoadStrategy: normal, platform: MAC, platformName: MAC, proxy: Proxy(), setWindowRect: true, strictFileInteractability: false, timeouts: {implicit: 0, pageLoad: 300000, script: 30000}, unhandledPromptBehavior: dismiss and notify, webauthn:extension:credBlob: true, webauthn:extension:largeBlob: true, webauthn:virtualAuthenticators: true}&#10;Session ID: 87b1afb579d44390695dfbe205a37eed" type="org.openqa.selenium.NoAlertPresentException">org.openqa.selenium.NoAlertPresentException: 
no such alert
  (Session info: chrome=98.0.4758.102)
Build info: version: '3.141.59', revision: 'e82be7d358', time: '2018-11-14T08:17:03'
System info: host: 'MacBook-Air-Kozlikov.local', ip: 'fe80:0:0:0:8ec:22cb:d78d:defe%en0', os.name: 'Mac OS X', os.arch: 'aarch64', os.version: '12.2.1', java.version: '17.0.2'
Driver info: org.openqa.selenium.chrome.ChromeDriver
Capabilities {acceptInsecureCerts: false, browserName: chrome, browserVersion: 98.0.4758.102, chrome: {chromedriverVersion: 98.0.4758.80 (7f0488e8ba0d8..., userDataDir: /var/folders/f7/8vl0myw12xn...}, goog:chromeOptions: {debuggerAddress: localhost:62516}, javascriptEnabled: true, networkConnectionEnabled: false, pageLoadStrategy: normal, platform: MAC, platformName: MAC, proxy: Proxy(), setWindowRect: true, strictFileInteractability: false, timeouts: {implicit: 0, pageLoad: 300000, script: 30000}, unhandledPromptBehavior: dismiss and notify, webauthn:extension:credBlob: true, webauthn:extension:largeBlob: true, webauthn:virtualAuthenticators: true}
Session ID: 87b1afb579d44390695dfbe205a37eed
	at tests.negative.LoginNegativeTest.checkUppercaseInLogin(LoginNegativeTest.java:96)
</error>
  </testcase>
  <testcase name="checkSpecialSymbolsInLogin" classname="tests.negative.LoginNegativeTest" time="1.026"/>
  <testcase name="checkAuthUserAfterBackPage" classname="tests.negative.LoginNegativeTest" time="1.543"/>
  <testcase name="checkLoginPage" classname="tests.negative.LoginNegativeTest" time="0.141"/>
  <testcase name="checkEmptyField" classname="tests.negative.LoginNegativeTest" time="0.764"/>
  <testcase name="checkSpecialSymbolsInPassword" classname="tests.negative.LoginNegativeTest" time="1.455"/>
  <testcase name="showPassword" classname="tests.negative.LoginNegativeTest" time="0.246"/>
  <testcase name="checkOnlyPassword" classname="tests.negative.LoginNegativeTest" time="0.746"/>
  <testcase name="checkLoginUppercase" classname="tests.negative.LoginNegativeTest" time="1.244"/>
  <testcase name="checkTestData" classname="tests.negative.LoginNegativeTest" time="0.919">
    <failure message="expected: &lt;Неверные данные для авторизации.&gt; but was: &lt;Неверные данные для авторизации&gt;" type="org.opentest4j.AssertionFailedError"><![CDATA[org.opentest4j.AssertionFailedError: expected: <Неверные данные для авторизации.> but was: <Неверные данные для авторизации>
	at tests.negative.LoginNegativeTest.checkTestData(LoginNegativeTest.java:36)
]]></failure>
  </testcase>
  <testcase name="checkSecurityPassword" classname="tests.negative.LoginNegativeTest" time="0.178"/>
  <testcase name="checkSpecialSymbols" classname="tests.negative.LoginNegativeTest" time="0.811"/>
  <testcase name="checkOnlyLogin" classname="tests.negative.LoginNegativeTest" time="0.903"/>
</testsuite>